---- light / ericw-tools v0.18.1 ----
Raytracing backend: Embree
running with 12 threads
LoadBSPFile: 'LastStand.bsp'
BSP is version 29
--- LoadEntities ---
WARNING: entity at () (worldspawn) has empty key/value "message" ""
WARNING: entity at (1744 -320 296) (monster_demon1) has empty key/value "target" ""
WARNING: brush entity with mins (577.00 -479.00 1.00) maxs (591.00 -417.00 111.) (trigger_once) has empty key/value "targetname" ""
WARNING: entity at (2168 -1240 104) (light) has empty key/value "angle" ""
WARNING: entity at (1792 -256 184) (monster_demon1) has empty key/value "target" ""
WARNING: brush entity with mins (2177.00 625.00 97.0) maxs (2239.00 639.00 287.) (func_door) has empty key/value "angle" ""
WARNING: couldn't parse '' as number for key 'angle'
WARNING: couldn't parse 'a' as number for key 'light'
WARNING: couldn't parse 'a' as number for key 'light'
WARNING: couldn't parse 'a' as number for key 'light'
170 entities read, 87 are lights.
--- OptionsSummary ---
    "light" was set to "0.000000" from map
Embree_TraceInit: Embree version: 2.15.0
Embree_TraceInit:
	908 sky faces
	6963 solid faces
	0 filtered faces
	0 shadow-casting skip faces
SetupLights: 87 initial lights
SetupLights: 87 after surface lights
SetupLights: 87 after jittering
--- EstimateLightVisibility ---
0....1....2....3....4....5....6....7....8....9....
Final count: 87 lights 0 suns in use.
--- LightWorld ---
0....1....2....3....4....5....6....7....8....9....
Lighting Completed.

lightdatasize: 97901
0 switchable light styles (32 max)
Writing LastStand.bsp as BSP version 29
0.320 seconds elapsed

stats:
0.920273 lights tested, 0.512438 hits per sample point
0.000000 bounce lights tested, 0.000000 hits per sample point
0 empty lightmaps
